[09:30:40] [Server thread/INFO]: Starting minecraft server version 1.8
[09:30:40] [Server thread/INFO]: Loading properties
[09:30:40] [Server console handler/ERROR]: Exception handling console input
java.io.IOException: Bad file descriptor
	at java.io.FileInputStream.readBytes(Native Method) ~[?:1.7.0_181]
	at java.io.FileInputStream.read(FileInputStream.java:272) ~[?:1.7.0_181]
	at java.io.BufferedInputStream.read1(BufferedInputStream.java:273) ~[?:1.7.0_181]
	at java.io.BufferedInputStream.read(BufferedInputStream.java:334) ~[?:1.7.0_181]
	at sun.nio.cs.StreamDecoder.readBytes(StreamDecoder.java:283) ~[?:1.7.0_181]
	at sun.nio.cs.StreamDecoder.implRead(StreamDecoder.java:325) ~[?:1.7.0_181]
	at sun.nio.cs.StreamDecoder.read(StreamDecoder.java:177) ~[?:1.7.0_181]
	at java.io.InputStreamReader.read(InputStreamReader.java:184) ~[?:1.7.0_181]
	at java.io.BufferedReader.fill(BufferedReader.java:154) ~[?:1.7.0_181]
	at java.io.BufferedReader.readLine(BufferedReader.java:317) ~[?:1.7.0_181]
	at java.io.BufferedReader.readLine(BufferedReader.java:382) ~[?:1.7.0_181]
	at pq.run(SourceFile:80) [minecraft_server.jar:?]
[09:30:40] [Server thread/INFO]: Default game type: SURVIVAL
[09:30:40] [Server thread/INFO]: Generating keypair
[09:30:41] [Server thread/INFO]: Starting Minecraft server on *:25565
[09:30:41] [Server thread/INFO]: Preparing level "world"
[09:30:41] [Server thread/INFO]: Preparing start region for level 0
[09:30:42] [Server thread/INFO]: Preparing spawn area: 51%
[09:30:42] [Server thread/INFO]: Done (1.443s)! For help, type "help" or "?"
[09:30:42] [Server thread/INFO]: Starting GS4 status listener
[09:30:42] [Query Listener #1/INFO]: Query running on 0.0.0.0:25565
[09:31:23] [Server thread/INFO]: com.mojang.authlib.GameProfile@70528353[id=<null>,name=shreyasg97,properties={},legacy=false] (/49.204.221.148:32904) lost connection: Disconnected
[09:31:34] [Server thread/INFO]: com.mojang.authlib.GameProfile@2d3c5270[id=<null>,name=shreyasg97,properties={},legacy=false] (/49.204.221.148:32913) lost connection: Disconnected
[09:32:48] [Server thread/INFO]: com.mojang.authlib.GameProfile@43bc865a[id=<null>,name=shreyasg97,properties={},legacy=false] (/49.204.221.148:32976) lost connection: Disconnected
[09:33:13] [Server Shutdown Thread/INFO]: Stopping server
[09:33:13] [Server Shutdown Thread/INFO]: Saving players
[09:33:13] [Server Shutdown Thread/INFO]: Saving worlds
[09:33:13] [Server Shutdown Thread/INFO]: Saving chunks for level 'world'/Overworld
[09:40:19] [Server thread/INFO]: Starting minecraft server version 1.8
[09:40:19] [Server thread/INFO]: Loading properties
[09:40:19] [Server console handler/ERROR]: Exception handling console input
java.io.IOException: Bad file descriptor
	at java.io.FileInputStream.readBytes(Native Method) ~[?:1.7.0_181]
	at java.io.FileInputStream.read(FileInputStream.java:272) ~[?:1.7.0_181]
	at java.io.BufferedInputStream.read1(BufferedInputStream.java:273) ~[?:1.7.0_181]
	at java.io.BufferedInputStream.read(BufferedInputStream.java:334) ~[?:1.7.0_181]
	at sun.nio.cs.StreamDecoder.readBytes(StreamDecoder.java:283) ~[?:1.7.0_181]
	at sun.nio.cs.StreamDecoder.implRead(StreamDecoder.java:325) ~[?:1.7.0_181]
	at sun.nio.cs.StreamDecoder.read(StreamDecoder.java:177) ~[?:1.7.0_181]
	at java.io.InputStreamReader.read(InputStreamReader.java:184) ~[?:1.7.0_181]
	at java.io.BufferedReader.fill(BufferedReader.java:154) ~[?:1.7.0_181]
	at java.io.BufferedReader.readLine(BufferedReader.java:317) ~[?:1.7.0_181]
	at java.io.BufferedReader.readLine(BufferedReader.java:382) ~[?:1.7.0_181]
	at pq.run(SourceFile:80) [minecraft_server.jar:?]
[09:40:19] [Server thread/INFO]: Default game type: SURVIVAL
[09:40:19] [Server thread/INFO]: Generating keypair
[09:40:19] [Server thread/INFO]: Starting Minecraft server on *:25565
[09:40:20] [Server thread/WARN]: **** SERVER IS RUNNING IN OFFLINE/INSECURE MODE!
[09:40:20] [Server thread/WARN]: The server will make no attempt to authenticate usernames. Beware.
[09:40:20] [Server thread/WARN]: While this makes the game possible to play without internet access, it also opens up the ability for hackers to connect with any username they choose.
[09:40:20] [Server thread/WARN]: To change this, set "online-mode" to "true" in the server.properties file.
[09:40:20] [Server thread/INFO]: Preparing level "world"
[09:40:20] [Server thread/INFO]: Preparing start region for level 0
[09:40:21] [Server thread/INFO]: Preparing spawn area: 39%
[09:40:21] [Server thread/INFO]: Done (1.826s)! For help, type "help" or "?"
[09:40:21] [Server thread/INFO]: Starting GS4 status listener
[09:40:21] [Query Listener #1/INFO]: Query running on 0.0.0.0:25565
[09:40:22] [Server thread/INFO]: shreyasg97[/49.204.221.148:33447] logged in with entity id 194 at (-146.13885497009025, 67.0, -118.03325898331292)
[09:40:22] [Server thread/INFO]: shreyasg97 joined the game
[09:40:25] [Server thread/WARN]: Can't keep up! Did the system time change, or is the server overloaded? Running 2071ms behind, skipping 41 tick(s)
[09:40:56] [Server thread/INFO]: shreyasg97 was pricked to death
[09:41:51] [Server thread/INFO]: shreyasg97 lost connection: TextComponent{text='Disconnected', siblings=[], style=Style{hasParent=false, color=null, bold=null, italic=null, underlined=null, obfuscated=null, clickEvent=null, hoverEvent=null, insertion=null}}
[09:41:51] [Server thread/INFO]: shreyasg97 left the game
[10:14:18] [Server thread/INFO]: Starting minecraft server version 1.8
[10:14:18] [Server thread/INFO]: Loading properties
[10:14:18] [Server console handler/ERROR]: Exception handling console input
java.io.IOException: Bad file descriptor
	at java.io.FileInputStream.readBytes(Native Method) ~[?:1.7.0_181]
	at java.io.FileInputStream.read(FileInputStream.java:272) ~[?:1.7.0_181]
	at java.io.BufferedInputStream.read1(BufferedInputStream.java:273) ~[?:1.7.0_181]
	at java.io.BufferedInputStream.read(BufferedInputStream.java:334) ~[?:1.7.0_181]
	at sun.nio.cs.StreamDecoder.readBytes(StreamDecoder.java:283) ~[?:1.7.0_181]
	at sun.nio.cs.StreamDecoder.implRead(StreamDecoder.java:325) ~[?:1.7.0_181]
	at sun.nio.cs.StreamDecoder.read(StreamDecoder.java:177) ~[?:1.7.0_181]
	at java.io.InputStreamReader.read(InputStreamReader.java:184) ~[?:1.7.0_181]
	at java.io.BufferedReader.fill(BufferedReader.java:154) ~[?:1.7.0_181]
	at java.io.BufferedReader.readLine(BufferedReader.java:317) ~[?:1.7.0_181]
	at java.io.BufferedReader.readLine(BufferedReader.java:382) ~[?:1.7.0_181]
	at pq.run(SourceFile:80) [minecraft_server.jar:?]
[10:14:18] [Server thread/INFO]: Default game type: SURVIVAL
[10:14:18] [Server thread/INFO]: Generating keypair
[10:14:18] [Server thread/INFO]: Starting Minecraft server on *:25565
[10:14:19] [Server thread/WARN]: **** SERVER IS RUNNING IN OFFLINE/INSECURE MODE!
[10:14:19] [Server thread/WARN]: The server will make no attempt to authenticate usernames. Beware.
[10:14:19] [Server thread/WARN]: While this makes the game possible to play without internet access, it also opens up the ability for hackers to connect with any username they choose.
[10:14:19] [Server thread/WARN]: To change this, set "online-mode" to "true" in the server.properties file.
[10:14:19] [Server thread/INFO]: Preparing level "world"
[10:14:19] [Server thread/INFO]: Preparing start region for level 0
[10:14:20] [Server thread/INFO]: Preparing spawn area: 35%
[10:14:20] [Server thread/INFO]: Done (1.597s)! For help, type "help" or "?"
[10:14:20] [Server thread/INFO]: Starting GS4 status listener
[10:14:20] [Query Listener #1/INFO]: Query running on 0.0.0.0:25565
[10:14:26] [Server thread/INFO]: shreyasg97[/49.204.221.148:33136] logged in with entity id 202 at (-166.5680188939188, 73.21776436023222, -122.78785699305789)
[10:14:26] [Server thread/INFO]: shreyasg97 joined the game
[10:19:02] [Server thread/INFO]: shreyasg97 lost connection: TextComponent{text='Disconnected', siblings=[], style=Style{hasParent=false, color=null, bold=null, italic=null, underlined=null, obfuscated=null, clickEvent=null, hoverEvent=null, insertion=null}}
[10:19:02] [Server thread/INFO]: shreyasg97 left the game
[10:19:04] [Server thread/INFO]: shreyasg97[/49.204.221.148:33345] logged in with entity id 9043 at (-166.2393497847793, 67.12300478209812, -137.94972175508386)
[10:19:04] [Server thread/INFO]: shreyasg97 joined the game
[10:19:06] [Server thread/INFO]: shreyasg97 lost connection: TextComponent{text='Disconnected', siblings=[], style=Style{hasParent=false, color=null, bold=null, italic=null, underlined=null, obfuscated=null, clickEvent=null, hoverEvent=null, insertion=null}}
[10:19:06] [Server thread/INFO]: shreyasg97 left the game
[10:28:48] [Server thread/INFO]: BlobTheBuilder[/49.204.221.173:2926] logged in with entity id 9148 at (-138.5, 65.0, -138.5)
[10:28:48] [Server thread/INFO]: BlobTheBuilder joined the game
[10:28:49] [Server thread/INFO]: BlobTheBuilder[/49.204.221.173:2930] logged in with entity id 9571 at (-139.5, 64.0, -142.5)
[10:28:49] [Server thread/INFO]: BlobTheBuilder joined the game
[10:28:49] [Server thread/INFO]: BlobTheBuilder lost connection: TextComponent{text='You logged in from another location', siblings=[], style=Style{hasParent=false, color=null, bold=null, italic=null, underlined=null, obfuscated=null, clickEvent=null, hoverEvent=null, insertion=null}}
[10:28:49] [Server thread/INFO]: BlobTheBuilder left the game
[10:28:50] [Server thread/INFO]: BlobTheBuilder[/49.204.221.173:2935] logged in with entity id 9774 at (-138.5, 65.0, -138.5)
[10:28:50] [Server thread/INFO]: BlobTheBuilder joined the game
[10:28:50] [Server thread/INFO]: BlobTheBuilder lost connection: TextComponent{text='You logged in from another location', siblings=[], style=Style{hasParent=false, color=null, bold=null, italic=null, underlined=null, obfuscated=null, clickEvent=null, hoverEvent=null, insertion=null}}
[10:28:50] [Server thread/INFO]: BlobTheBuilder left the game
[10:35:27] [Server thread/INFO]: BlobTheBuilder lost connection: TextComponent{text='Disconnected', siblings=[], style=Style{hasParent=false, color=null, bold=null, italic=null, underlined=null, obfuscated=null, clickEvent=null, hoverEvent=null, insertion=null}}
[10:35:27] [Server thread/INFO]: BlobTheBuilder left the game
[10:39:34] [Server thread/INFO]: BlobTheBuilder[/49.204.221.173:1130] logged in with entity id 22235 at (-138.5, 65.0, -138.5)
[10:39:34] [Server thread/INFO]: BlobTheBuilder joined the game
[10:41:10] [Server thread/INFO]: BlobTheBuilder was slain by Zombie
[10:41:13] [Server thread/INFO]: BlobTheBuilder lost connection: TextComponent{text='Disconnected', siblings=[], style=Style{hasParent=false, color=null, bold=null, italic=null, underlined=null, obfuscated=null, clickEvent=null, hoverEvent=null, insertion=null}}
[10:41:13] [Server thread/INFO]: BlobTheBuilder left the game
[10:50:43] [Server thread/INFO]: Starting minecraft server version 1.8
[10:50:43] [Server thread/INFO]: Loading properties
[10:50:43] [Server console handler/ERROR]: Exception handling console input
java.io.IOException: Bad file descriptor
	at java.io.FileInputStream.readBytes(Native Method) ~[?:1.7.0_181]
	at java.io.FileInputStream.read(FileInputStream.java:272) ~[?:1.7.0_181]
	at java.io.BufferedInputStream.read1(BufferedInputStream.java:273) ~[?:1.7.0_181]
	at java.io.BufferedInputStream.read(BufferedInputStream.java:334) ~[?:1.7.0_181]
	at sun.nio.cs.StreamDecoder.readBytes(StreamDecoder.java:283) ~[?:1.7.0_181]
	at sun.nio.cs.StreamDecoder.implRead(StreamDecoder.java:325) ~[?:1.7.0_181]
	at sun.nio.cs.StreamDecoder.read(StreamDecoder.java:177) ~[?:1.7.0_181]
	at java.io.InputStreamReader.read(InputStreamReader.java:184) ~[?:1.7.0_181]
	at java.io.BufferedReader.fill(BufferedReader.java:154) ~[?:1.7.0_181]
	at java.io.BufferedReader.readLine(BufferedReader.java:317) ~[?:1.7.0_181]
	at java.io.BufferedReader.readLine(BufferedReader.java:382) ~[?:1.7.0_181]
	at pq.run(SourceFile:80) [minecraft_server.jar:?]
[10:50:43] [Server thread/INFO]: Default game type: SURVIVAL
[10:50:43] [Server thread/INFO]: Generating keypair
[10:50:43] [Server thread/INFO]: Starting Minecraft server on *:25565
[10:50:43] [Server thread/WARN]: **** SERVER IS RUNNING IN OFFLINE/INSECURE MODE!
[10:50:43] [Server thread/WARN]: The server will make no attempt to authenticate usernames. Beware.
[10:50:43] [Server thread/WARN]: While this makes the game possible to play without internet access, it also opens up the ability for hackers to connect with any username they choose.
[10:50:43] [Server thread/WARN]: To change this, set "online-mode" to "true" in the server.properties file.
[10:50:43] [Server thread/INFO]: Preparing level "world"
[10:50:43] [Server thread/INFO]: Preparing start region for level 0
[10:50:44] [Server thread/INFO]: Preparing spawn area: 39%
[10:50:45] [Server thread/INFO]: Done (1.541s)! For help, type "help" or "?"
[10:50:45] [Server thread/INFO]: Starting GS4 status listener
[10:50:45] [Query Listener #1/INFO]: Query running on 0.0.0.0:25565
[10:51:19] [Server thread/INFO]: shreyasg97[/49.204.221.148:32587] logged in with entity id 198 at (-166.2393497847793, 67.12300478209812, -137.94972175508386)
[10:51:19] [Server thread/INFO]: shreyasg97 joined the game
[10:53:28] [Server thread/INFO]: shreyasg97 lost connection: TextComponent{text='Disconnected', siblings=[], style=Style{hasParent=false, color=null, bold=null, italic=null, underlined=null, obfuscated=null, clickEvent=null, hoverEvent=null, insertion=null}}
[10:53:28] [Server thread/INFO]: shreyasg97 left the game
[10:53:32] [Server thread/INFO]: shreyasg97[/49.204.221.148:32679] logged in with entity id 6587 at (-164.29399828723325, 64.0, -123.30000001192084)
[10:53:32] [Server thread/INFO]: shreyasg97 joined the game
[11:02:50] [Server thread/INFO]: shreyasg97 lost connection: TextComponent{text='Disconnected', siblings=[], style=Style{hasParent=false, color=null, bold=null, italic=null, underlined=null, obfuscated=null, clickEvent=null, hoverEvent=null, insertion=null}}
[11:02:50] [Server thread/INFO]: shreyasg97 left the game
[11:02:53] [Server thread/INFO]: shreyasg97[/49.204.221.148:33763] logged in with entity id 26091 at (-174.79568261641003, 89.43766675479796, -102.20182063949679)
[11:02:53] [Server thread/INFO]: shreyasg97 joined the game
[11:03:29] [Server thread/INFO]: Starting minecraft server version 1.8
[11:03:29] [Server thread/INFO]: Loading properties
[11:03:29] [Server console handler/ERROR]: Exception handling console input
java.io.IOException: Bad file descriptor
	at java.io.FileInputStream.readBytes(Native Method) ~[?:1.7.0_181]
	at java.io.FileInputStream.read(FileInputStream.java:272) ~[?:1.7.0_181]
	at java.io.BufferedInputStream.read1(BufferedInputStream.java:273) ~[?:1.7.0_181]
	at java.io.BufferedInputStream.read(BufferedInputStream.java:334) ~[?:1.7.0_181]
	at sun.nio.cs.StreamDecoder.readBytes(StreamDecoder.java:283) ~[?:1.7.0_181]
	at sun.nio.cs.StreamDecoder.implRead(StreamDecoder.java:325) ~[?:1.7.0_181]
	at sun.nio.cs.StreamDecoder.read(StreamDecoder.java:177) ~[?:1.7.0_181]
	at java.io.InputStreamReader.read(InputStreamReader.java:184) ~[?:1.7.0_181]
	at java.io.BufferedReader.fill(BufferedReader.java:154) ~[?:1.7.0_181]
	at java.io.BufferedReader.readLine(BufferedReader.java:317) ~[?:1.7.0_181]
	at java.io.BufferedReader.readLine(BufferedReader.java:382) ~[?:1.7.0_181]
	at pq.run(SourceFile:80) [minecraft_server.jar:?]
[11:03:29] [Server thread/INFO]: Default game type: SURVIVAL
[11:03:29] [Server thread/INFO]: Generating keypair
[11:03:30] [Server thread/INFO]: Starting Minecraft server on *:25565
[11:03:30] [Server thread/WARN]: **** SERVER IS RUNNING IN OFFLINE/INSECURE MODE!
[11:03:30] [Server thread/WARN]: The server will make no attempt to authenticate usernames. Beware.
[11:03:30] [Server thread/WARN]: While this makes the game possible to play without internet access, it also opens up the ability for hackers to connect with any username they choose.
[11:03:30] [Server thread/WARN]: To change this, set "online-mode" to "true" in the server.properties file.
[11:03:30] [Server thread/INFO]: Preparing level "world"
[11:03:30] [Server thread/INFO]: Preparing start region for level 0
[11:03:31] [Server thread/INFO]: Preparing spawn area: 39%
[11:03:31] [Server thread/INFO]: Done (1.691s)! For help, type "help" or "?"
[11:03:31] [Server thread/INFO]: Starting GS4 status listener
[11:03:31] [Query Listener #1/INFO]: Query running on 0.0.0.0:25565
[11:03:34] [Server thread/INFO]: shreyasg97[/49.204.221.148:33783] logged in with entity id 327 at (-174.79568261641003, 89.43766675479796, -102.20182063949679)
[11:03:34] [Server thread/INFO]: shreyasg97 joined the game
[11:33:40] [Server thread/INFO]: Starting minecraft server version 1.8
[11:33:40] [Server thread/INFO]: Loading properties
[11:33:40] [Server console handler/ERROR]: Exception handling console input
java.io.IOException: Bad file descriptor
	at java.io.FileInputStream.readBytes(Native Method) ~[?:1.7.0_181]
	at java.io.FileInputStream.read(FileInputStream.java:272) ~[?:1.7.0_181]
	at java.io.BufferedInputStream.read1(BufferedInputStream.java:273) ~[?:1.7.0_181]
	at java.io.BufferedInputStream.read(BufferedInputStream.java:334) ~[?:1.7.0_181]
	at sun.nio.cs.StreamDecoder.readBytes(StreamDecoder.java:283) ~[?:1.7.0_181]
	at sun.nio.cs.StreamDecoder.implRead(StreamDecoder.java:325) ~[?:1.7.0_181]
	at sun.nio.cs.StreamDecoder.read(StreamDecoder.java:177) ~[?:1.7.0_181]
	at java.io.InputStreamReader.read(InputStreamReader.java:184) ~[?:1.7.0_181]
	at java.io.BufferedReader.fill(BufferedReader.java:154) ~[?:1.7.0_181]
	at java.io.BufferedReader.readLine(BufferedReader.java:317) ~[?:1.7.0_181]
	at java.io.BufferedReader.readLine(BufferedReader.java:382) ~[?:1.7.0_181]
	at pq.run(SourceFile:80) [minecraft_server.jar:?]
[11:33:40] [Server thread/INFO]: Default game type: CREATIVE
[11:33:40] [Server thread/INFO]: Generating keypair
[11:33:40] [Server thread/INFO]: Starting Minecraft server on *:25565
[11:33:40] [Server thread/WARN]: **** SERVER IS RUNNING IN OFFLINE/INSECURE MODE!
[11:33:40] [Server thread/WARN]: The server will make no attempt to authenticate usernames. Beware.
[11:33:40] [Server thread/WARN]: While this makes the game possible to play without internet access, it also opens up the ability for hackers to connect with any username they choose.
[11:33:40] [Server thread/WARN]: To change this, set "online-mode" to "true" in the server.properties file.
[11:33:40] [Server thread/INFO]: Preparing level "world"
[11:33:40] [Server thread/INFO]: Preparing start region for level 0
[11:33:41] [Server thread/INFO]: Done (1.072s)! For help, type "help" or "?"
[11:33:41] [Server thread/INFO]: Starting GS4 status listener
[11:33:41] [Query Listener #1/INFO]: Query running on 0.0.0.0:25565
[11:33:45] [Server thread/INFO]: shreyasg97[/49.204.221.148:31958] logged in with entity id 136 at (-261.37749308532364, 3.0, -425.6518453176453)
[11:33:45] [Server thread/INFO]: shreyasg97 joined the game
[11:38:13] [Server thread/INFO]: shreyasg97 lost connection: TextComponent{text='Disconnected', siblings=[], style=Style{hasParent=false, color=null, bold=null, italic=null, underlined=null, obfuscated=null, clickEvent=null, hoverEvent=null, insertion=null}}
[11:38:13] [Server thread/INFO]: shreyasg97 left the game
[15:51:40] [Server thread/INFO]: BlobTheBuilder[/49.204.222.124:3156] logged in with entity id 1447065 at (-269.5, 4.0, -419.5)
[15:51:40] [Server thread/INFO]: BlobTheBuilder joined the game
[15:52:16] [Server thread/INFO]: BlobTheBuilder has just earned the achievement [Taking Inventory]
[16:45:12] [Server thread/INFO]: BlobTheBuilder fell out of the world
[16:45:56] [Server thread/INFO]: BlobTheBuilder fell out of the world
[16:57:56] [Server thread/INFO]: BlobTheBuilder lost connection: TextComponent{text='Disconnected', siblings=[], style=Style{hasParent=false, color=null, bold=null, italic=null, underlined=null, obfuscated=null, clickEvent=null, hoverEvent=null, insertion=null}}
[16:57:56] [Server thread/INFO]: BlobTheBuilder left the game
[17:13:04] [Server thread/INFO]: sound[/182.65.27.214:58592] logged in with entity id 20315613 at (-266.5, 4.0, -434.5)
[17:13:04] [Server thread/INFO]: sound joined the game
[17:14:44] [Server thread/INFO]: BlobTheBuilder[/49.204.222.124:4851] logged in with entity id 20902602 at (-251.931520194587, 4.0, -460.0525138926324)
[17:14:44] [Server thread/INFO]: BlobTheBuilder joined the game
[17:17:28] [Server thread/INFO]: <sound> NOT FAIR
[17:17:39] [Server thread/INFO]: <sound> YOU HAVE WWWWST
[17:26:45] [Server thread/INFO]: sound has just earned the achievement [Taking Inventory]
[17:48:59] [Server thread/INFO]: sound fell out of the world
[17:50:33] [Server thread/INFO]: sound fell out of the world
[18:12:18] [Server thread/INFO]: BlobTheBuilder lost connection: TextComponent{text='Disconnected', siblings=[], style=Style{hasParent=false, color=null, bold=null, italic=null, underlined=null, obfuscated=null, clickEvent=null, hoverEvent=null, insertion=null}}
[18:12:18] [Server thread/INFO]: BlobTheBuilder left the game
[18:44:24] [Server thread/WARN]: Can't keep up! Did the system time change, or is the server overloaded? Running 53947ms behind, skipping 1078 tick(s)
[18:44:25] [Server thread/WARN]: Can't keep up! Did the system time change, or is the server overloaded? Running 2809ms behind, skipping 56 tick(s)
[18:45:41] [Server Watchdog/FATAL]: A single server tick took 60.07 seconds (should be max 0.05)
[18:45:43] [Server Watchdog/FATAL]: Considering it to be crashed, server will forcibly shutdown.
[18:48:21] [Server thread/INFO]: sound lost connection: TranslatableComponent{key='disconnect.genericReason', args=[Internal Exception: io.netty.handler.timeout.ReadTimeoutException], siblings=[], style=Style{hasParent=false, color=null, bold=null, italic=null, underlined=null, obfuscated=null, clickEvent=null, hoverEvent=null, insertion=null}}
[18:48:23] [Server thread/INFO]: sound left the game
[20:09:02] [Server thread/INFO]: Starting minecraft server version 1.8
[20:09:03] [Server thread/INFO]: Loading properties
[20:09:02] [Server console handler/ERROR]: Exception handling console input
java.io.IOException: Bad file descriptor
	at java.io.FileInputStream.readBytes(Native Method) ~[?:1.7.0_181]
	at java.io.FileInputStream.read(FileInputStream.java:272) ~[?:1.7.0_181]
	at java.io.BufferedInputStream.read1(BufferedInputStream.java:273) ~[?:1.7.0_181]
	at java.io.BufferedInputStream.read(BufferedInputStream.java:334) ~[?:1.7.0_181]
	at sun.nio.cs.StreamDecoder.readBytes(StreamDecoder.java:283) ~[?:1.7.0_181]
	at sun.nio.cs.StreamDecoder.implRead(StreamDecoder.java:325) ~[?:1.7.0_181]
	at sun.nio.cs.StreamDecoder.read(StreamDecoder.java:177) ~[?:1.7.0_181]
	at java.io.InputStreamReader.read(InputStreamReader.java:184) ~[?:1.7.0_181]
	at java.io.BufferedReader.fill(BufferedReader.java:154) ~[?:1.7.0_181]
	at java.io.BufferedReader.readLine(BufferedReader.java:317) ~[?:1.7.0_181]
	at java.io.BufferedReader.readLine(BufferedReader.java:382) ~[?:1.7.0_181]
	at pq.run(SourceFile:80) [minecraft_server.jar:?]
[20:09:03] [Server thread/INFO]: Default game type: CREATIVE
[20:09:03] [Server thread/INFO]: Generating keypair
[20:09:03] [Server thread/INFO]: Starting Minecraft server on *:25565
[20:09:03] [Server thread/WARN]: **** SERVER IS RUNNING IN OFFLINE/INSECURE MODE!
[20:09:03] [Server thread/WARN]: The server will make no attempt to authenticate usernames. Beware.
[20:09:03] [Server thread/WARN]: While this makes the game possible to play without internet access, it also opens up the ability for hackers to connect with any username they choose.
[20:09:03] [Server thread/WARN]: To change this, set "online-mode" to "true" in the server.properties file.
[20:09:03] [Server thread/INFO]: Preparing level "world"
[20:09:03] [Server thread/INFO]: Preparing start region for level 0
[20:09:04] [Server thread/INFO]: Done (1.013s)! For help, type "help" or "?"
[20:09:04] [Server thread/INFO]: Starting GS4 status listener
[20:09:04] [Query Listener #1/INFO]: Query running on 0.0.0.0:25565
[20:10:05] [Server thread/INFO]: shreyasg97[/49.204.221.91:1319] logged in with entity id 171 at (-261.43536716159974, 7.0, -428.6514074128033)
[20:10:05] [Server thread/INFO]: shreyasg97 joined the game
[20:10:16] [Server thread/INFO]: [shreyasg97: Set the time to 1000]
[20:17:13] [Server thread/INFO]: shreyasg97 lost connection: TextComponent{text='Disconnected', siblings=[], style=Style{hasParent=false, color=null, bold=null, italic=null, underlined=null, obfuscated=null, clickEvent=null, hoverEvent=null, insertion=null}}
[20:17:13] [Server thread/INFO]: shreyasg97 left the game
[04:50:57] [Server thread/INFO]: shreyasg97[/27.62.112.171:3808] logged in with entity id 2460457 at (-225.46744036904096, 4.0, -438.6588849066358)
[04:50:57] [Server thread/INFO]: shreyasg97 joined the game
#
# A fatal error has been detected by the Java Runtime Environment:
#
#  SIGBUS (0x7) at pc=0x00007f07cdfdfffd, pid=2816, tid=139671468287744
#
# JRE version: OpenJDK Runtime Environment (7.0_181) (build 1.7.0_181-mockbuild_2018_06_05_20_32-b00)
# Java VM: OpenJDK 64-Bit Server VM (24.181-b00 mixed mode linux-amd64 compressed oops)
# Derivative: IcedTea 2.6.14
# Distribution: Built on Amazon Linux BASE release 2015.03 (Tue Jun  5 20:32:18 UTC 2018)
# Problematic frame:
# C  [libzip.so+0x4ffd]
#
# Failed to write core dump. Core dumps have been disabled. To enable core dumping, try "ulimit -c unlimited" before starting Java again
#
# An error report file with more information is saved as:
# /tmp/jvm-2816/hs_error.log
#
# If you would like to submit a bug report, please include
# instructions on how to reproduce the bug and visit:
#   http://icedtea.classpath.org/bugzilla
# The crash happened outside the Java Virtual Machine in native code.
# See problematic frame for where to report the bug.
#
Error: Invalid or corrupt jarfile minecraft_server.jar
[04:57:46] [Server thread/INFO]: Starting minecraft server version 1.8
[04:57:46] [Server thread/INFO]: Loading properties
[04:57:46] [Server console handler/ERROR]: Exception handling console input
java.io.IOException: Bad file descriptor
	at java.io.FileInputStream.readBytes(Native Method) ~[?:1.7.0_181]
	at java.io.FileInputStream.read(FileInputStream.java:272) ~[?:1.7.0_181]
	at java.io.BufferedInputStream.read1(BufferedInputStream.java:273) ~[?:1.7.0_181]
	at java.io.BufferedInputStream.read(BufferedInputStream.java:334) ~[?:1.7.0_181]
	at sun.nio.cs.StreamDecoder.readBytes(StreamDecoder.java:283) ~[?:1.7.0_181]
	at sun.nio.cs.StreamDecoder.implRead(StreamDecoder.java:325) ~[?:1.7.0_181]
	at sun.nio.cs.StreamDecoder.read(StreamDecoder.java:177) ~[?:1.7.0_181]
	at java.io.InputStreamReader.read(InputStreamReader.java:184) ~[?:1.7.0_181]
	at java.io.BufferedReader.fill(BufferedReader.java:154) ~[?:1.7.0_181]
	at java.io.BufferedReader.readLine(BufferedReader.java:317) ~[?:1.7.0_181]
	at java.io.BufferedReader.readLine(BufferedReader.java:382) ~[?:1.7.0_181]
	at pq.run(SourceFile:80) [minecraft_server.jar:?]
[04:57:46] [Server thread/INFO]: Default game type: CREATIVE
[04:57:46] [Server thread/INFO]: Generating keypair
[04:57:46] [Server thread/INFO]: Starting Minecraft server on *:25565
[04:57:47] [Server thread/WARN]: **** SERVER IS RUNNING IN OFFLINE/INSECURE MODE!
[04:57:47] [Server thread/WARN]: The server will make no attempt to authenticate usernames. Beware.
[04:57:47] [Server thread/WARN]: While this makes the game possible to play without internet access, it also opens up the ability for hackers to connect with any username they choose.
[04:57:47] [Server thread/WARN]: To change this, set "online-mode" to "true" in the server.properties file.
[04:57:47] [Server thread/INFO]: Preparing level "world"
[04:57:47] [Server thread/INFO]: Preparing start region for level 0
[04:57:48] [Server thread/INFO]: Done (1.060s)! For help, type "help" or "?"
[04:57:48] [Server thread/INFO]: Starting GS4 status listener
[04:57:48] [Query Listener #1/INFO]: Query running on 0.0.0.0:25565
[04:57:56] [Server thread/INFO]: shreyasg97[/27.62.112.171:3003] logged in with entity id 120 at (-219.6907240452459, 5.3693370036804025, -438.5389869543945)
[04:57:56] [Server thread/INFO]: shreyasg97 joined the game
[05:00:58] [Server thread/INFO]: shreyasg97 lost connection: TextComponent{text='Disconnected', siblings=[], style=Style{hasParent=false, color=null, bold=null, italic=null, underlined=null, obfuscated=null, clickEvent=null, hoverEvent=null, insertion=null}}
[05:00:58] [Server thread/INFO]: shreyasg97 left the game
