[04:57:46] [Server thread/INFO]: Starting minecraft server version 1.8
[04:57:46] [Server thread/INFO]: Loading properties
[04:57:46] [Server console handler/ERROR]: Exception handling console input
java.io.IOException: Bad file descriptor
	at java.io.FileInputStream.readBytes(Native Method) ~[?:1.7.0_181]
	at java.io.FileInputStream.read(FileInputStream.java:272) ~[?:1.7.0_181]
	at java.io.BufferedInputStream.read1(BufferedInputStream.java:273) ~[?:1.7.0_181]
	at java.io.BufferedInputStream.read(BufferedInputStream.java:334) ~[?:1.7.0_181]
	at sun.nio.cs.StreamDecoder.readBytes(StreamDecoder.java:283) ~[?:1.7.0_181]
	at sun.nio.cs.StreamDecoder.implRead(StreamDecoder.java:325) ~[?:1.7.0_181]
	at sun.nio.cs.StreamDecoder.read(StreamDecoder.java:177) ~[?:1.7.0_181]
	at java.io.InputStreamReader.read(InputStreamReader.java:184) ~[?:1.7.0_181]
	at java.io.BufferedReader.fill(BufferedReader.java:154) ~[?:1.7.0_181]
	at java.io.BufferedReader.readLine(BufferedReader.java:317) ~[?:1.7.0_181]
	at java.io.BufferedReader.readLine(BufferedReader.java:382) ~[?:1.7.0_181]
	at pq.run(SourceFile:80) [minecraft_server.jar:?]
[04:57:46] [Server thread/INFO]: Default game type: CREATIVE
[04:57:46] [Server thread/INFO]: Generating keypair
[04:57:46] [Server thread/INFO]: Starting Minecraft server on *:25565
[04:57:47] [Server thread/WARN]: **** SERVER IS RUNNING IN OFFLINE/INSECURE MODE!
[04:57:47] [Server thread/WARN]: The server will make no attempt to authenticate usernames. Beware.
[04:57:47] [Server thread/WARN]: While this makes the game possible to play without internet access, it also opens up the ability for hackers to connect with any username they choose.
[04:57:47] [Server thread/WARN]: To change this, set "online-mode" to "true" in the server.properties file.
[04:57:47] [Server thread/INFO]: Preparing level "world"
[04:57:47] [Server thread/INFO]: Preparing start region for level 0
[04:57:48] [Server thread/INFO]: Done (1.060s)! For help, type "help" or "?"
[04:57:48] [Server thread/INFO]: Starting GS4 status listener
[04:57:48] [Query Listener #1/INFO]: Query running on 0.0.0.0:25565
[04:57:56] [Server thread/INFO]: shreyasg97[/27.62.112.171:3003] logged in with entity id 120 at (-219.6907240452459, 5.3693370036804025, -438.5389869543945)
[04:57:56] [Server thread/INFO]: shreyasg97 joined the game
[05:00:58] [Server thread/INFO]: shreyasg97 lost connection: TextComponent{text='Disconnected', siblings=[], style=Style{hasParent=false, color=null, bold=null, italic=null, underlined=null, obfuscated=null, clickEvent=null, hoverEvent=null, insertion=null}}
[05:00:58] [Server thread/INFO]: shreyasg97 left the game
